#! /c/Source/iverilog-install/bin/vvp
:ivl_version "12.0 (devel)" "(s20150603-1539-g2693dd32b)";
:ivl_delay_selection "TYPICAL";
:vpi_time_precision + 0;
:vpi_module "C:\iverilog\lib\ivl\system.vpi";
:vpi_module "C:\iverilog\lib\ivl\vhdl_sys.vpi";
:vpi_module "C:\iverilog\lib\ivl\vhdl_textio.vpi";
:vpi_module "C:\iverilog\lib\ivl\v2005_math.vpi";
:vpi_module "C:\iverilog\lib\ivl\va_math.vpi";
S_000001d62a374df0 .scope module, "cordic_magphase" "cordic_magphase" 2 5;
 .timescale 0 0;
    .port_info 0 /INPUT 1 "clk";
    .port_info 1 /INPUT 1 "rst_n";
    .port_info 2 /INPUT 1 "start";
    .port_info 3 /INPUT 16 "x_in";
    .port_info 4 /INPUT 16 "y_in";
    .port_info 5 /OUTPUT 1 "busy";
    .port_info 6 /OUTPUT 1 "done";
    .port_info 7 /OUTPUT 32 "magnitude";
    .port_info 8 /OUTPUT 32 "phase";
P_000001d62a342ce0 .param/l "DONE_STATE" 1 2 26, C4<11>;
P_000001d62a342d18 .param/l "GAIN_FRAC_BITS" 0 2 9, +C4<00000000000000000000000000011100>;
P_000001d62a342d50 .param/l "IDLE" 1 2 23, C4<00>;
P_000001d62a342d88 .param/l "INPUT_WIDTH" 0 2 6, +C4<00000000000000000000000000010000>;
P_000001d62a342dc0 .param/l "INT_WIDTH" 0 2 7, +C4<00000000000000000000000000100000>;
P_000001d62a342df8 .param/l "ITERATE" 1 2 24, C4<01>;
P_000001d62a342e30 .param/l "ITERATIONS" 0 2 8, +C4<00000000000000000000000000100000>;
P_000001d62a342e68 .param/l "K_INV" 1 2 45, +C4<00001001101100010001010001000000>;
P_000001d62a342ea0 .param/l "K_INV32" 1 2 42, C4<00001001101100010001010001000000>;
P_000001d62a342ed8 .param/l "PI_CONST" 1 2 43, +C4<00110010010000111111011010101000>;
P_000001d62a342f10 .param/l "PI_CONST32" 1 2 39, C4<00110010010000111111011010101000>;
P_000001d62a342f48 .param/l "POST_PROCESS" 1 2 25, C4<10>;
P_000001d62a342f80 .param/l "TWOPI_CONST" 1 2 44, +C4<01100100100001111110110101010001>;
P_000001d62a342fb8 .param/l "TWOPI_CONST32" 1 2 40, C4<01100100100001111110110101010001>;
v000001d62a374f80_0 .net/s *"_ivl_0", 47 0, L_000001d62a3e4a00;  1 drivers
L_000001d62a3e5d08 .functor BUFT 1, C4<000000000000000000001001101100010001010001000000>, C4<0>, C4<0>, C4<0>;
v000001d62a343000_0 .net/2s *"_ivl_2", 47 0, L_000001d62a3e5d08;  1 drivers
v000001d62a3430a0_0 .net *"_ivl_6", 47 0, L_000001d62a441f80;  1 drivers
v000001d62a3e45f0_0 .net *"_ivl_8", 19 0, L_000001d62a3e4dc0;  1 drivers
v000001d62a3e4690_0 .var "busy", 0 0;
o000001d62a393248 .functor BUFZ 1, C4<z>; HiZ drive
v000001d62a3e4730_0 .net "clk", 0 0, o000001d62a393248;  0 drivers
v000001d62a3e4fa0_0 .var "done", 0 0;
v000001d62a3e50e0_0 .var "iter_cnt", 5 0;
v000001d62a3e54a0_0 .var "iter_cnt_next", 5 0;
v000001d62a3e5040_0 .net/s "mag_corr", 31 0, L_000001d62a440360;  1 drivers
v000001d62a3e5220_0 .net/s "mag_prod", 47 0, L_000001d62a3e4d20;  1 drivers
v000001d62a3e4be0_0 .var/s "magnitude", 31 0;
v000001d62a3e5180_0 .var/s "phase", 31 0;
v000001d62a3e5400_0 .var/s "phase_tmp", 31 0;
v000001d62a3e52c0_0 .var/s "pi_correction", 1 0;
v000001d62a3e5360_0 .var/s "pi_correction_next", 1 0;
o000001d62a393458 .functor BUFZ 1, C4<z>; HiZ drive
v000001d62a3e5540_0 .net "rst_n", 0 0, o000001d62a393458;  0 drivers
o000001d62a393488 .functor BUFZ 1, C4<z>; HiZ drive
v000001d62a3e55e0_0 .net "start", 0 0, o000001d62a393488;  0 drivers
v000001d62a3e4e60_0 .var "state", 1 0;
v000001d62a3e5680_0 .var "state_next", 1 0;
o000001d62a393518 .functor BUFZ 16, C4<zzzzzzzzzzzzzzzz>; HiZ drive
v000001d62a3e4aa0_0 .net/s "x_in", 15 0, o000001d62a393518;  0 drivers
v000001d62a3e5720_0 .var/s "x_next", 31 0;
v000001d62a3e4820_0 .var/s "x_reg", 31 0;
o000001d62a3935a8 .functor BUFZ 16, C4<zzzzzzzzzzzzzzzz>; HiZ drive
v000001d62a3e4f00_0 .net/s "y_in", 15 0, o000001d62a3935a8;  0 drivers
v000001d62a3e48c0_0 .var/s "y_next", 31 0;
v000001d62a3e4b40_0 .var/s "y_reg", 31 0;
v000001d62a3e4c80_0 .var/s "z_next", 31 0;
v000001d62a3e4960_0 .var/s "z_reg", 31 0;
E_000001d62a3717f0/0 .event anyedge, v000001d62a3e4e60_0, v000001d62a3e4820_0, v000001d62a3e4b40_0, v000001d62a3e4960_0;
E_000001d62a3717f0/1 .event anyedge, v000001d62a3e50e0_0, v000001d62a3e52c0_0, v000001d62a3e55e0_0, v000001d62a3e4aa0_0;
E_000001d62a3717f0/2 .event anyedge, v000001d62a3e4f00_0, v000001d62a3e5720_0, v000001d62a3e48c0_0;
E_000001d62a3717f0 .event/or E_000001d62a3717f0/0, E_000001d62a3717f0/1, E_000001d62a3717f0/2;
E_000001d62a371770/0 .event negedge, v000001d62a3e5540_0;
E_000001d62a371770/1 .event posedge, v000001d62a3e4730_0;
E_000001d62a371770 .event/or E_000001d62a371770/0, E_000001d62a371770/1;
L_000001d62a3e4a00 .extend/s 48, v000001d62a3e4820_0;
L_000001d62a3e4d20 .arith/mult 48, L_000001d62a3e4a00, L_000001d62a3e5d08;
L_000001d62a3e4dc0 .part L_000001d62a3e4d20, 28, 20;
L_000001d62a441f80 .extend/s 48, L_000001d62a3e4dc0;
L_000001d62a440360 .part L_000001d62a441f80, 0, 32;
S_000001d62a392f60 .scope function.vec4.u32, "atan_lut" "atan_lut" 2 48, 2 48 0, S_000001d62a374df0;
 .timescale 0 0;
; Variable atan_lut is vec4 return value of scope S_000001d62a392f60
v000001d62a3436a0_0 .var "idx", 4 0;
TD_cordic_magphase.atan_lut ;
    %load/vec4 v000001d62a3436a0_0;
    %dup/vec4;
    %pushi/vec4 0, 0, 5;
    %cmp/u;
    %jmp/1 T_0.0, 6;
    %dup/vec4;
    %pushi/vec4 1, 0, 5;
    %cmp/u;
    %jmp/1 T_0.1, 6;
    %dup/vec4;
    %pushi/vec4 2, 0, 5;
    %cmp/u;
    %jmp/1 T_0.2, 6;
    %dup/vec4;
    %pushi/vec4 3, 0, 5;
    %cmp/u;
    %jmp/1 T_0.3, 6;
    %dup/vec4;
    %pushi/vec4 4, 0, 5;
    %cmp/u;
    %jmp/1 T_0.4, 6;
    %dup/vec4;
    %pushi/vec4 5, 0, 5;
    %cmp/u;
    %jmp/1 T_0.5, 6;
    %dup/vec4;
    %pushi/vec4 6, 0, 5;
    %cmp/u;
    %jmp/1 T_0.6, 6;
    %dup/vec4;
    %pushi/vec4 7, 0, 5;
    %cmp/u;
    %jmp/1 T_0.7, 6;
    %dup/vec4;
    %pushi/vec4 8, 0, 5;
    %cmp/u;
    %jmp/1 T_0.8, 6;
    %dup/vec4;
    %pushi/vec4 9, 0, 5;
    %cmp/u;
    %jmp/1 T_0.9, 6;
    %dup/vec4;
    %pushi/vec4 10, 0, 5;
    %cmp/u;
    %jmp/1 T_0.10, 6;
    %dup/vec4;
    %pushi/vec4 11, 0, 5;
    %cmp/u;
    %jmp/1 T_0.11, 6;
    %dup/vec4;
    %pushi/vec4 12, 0, 5;
    %cmp/u;
    %jmp/1 T_0.12, 6;
    %dup/vec4;
    %pushi/vec4 13, 0, 5;
    %cmp/u;
    %jmp/1 T_0.13, 6;
    %dup/vec4;
    %pushi/vec4 14, 0, 5;
    %cmp/u;
    %jmp/1 T_0.14, 6;
    %dup/vec4;
    %pushi/vec4 15, 0, 5;
    %cmp/u;
    %jmp/1 T_0.15, 6;
    %dup/vec4;
    %pushi/vec4 16, 0, 5;
    %cmp/u;
    %jmp/1 T_0.16, 6;
    %dup/vec4;
    %pushi/vec4 17, 0, 5;
    %cmp/u;
    %jmp/1 T_0.17, 6;
    %dup/vec4;
    %pushi/vec4 18, 0, 5;
    %cmp/u;
    %jmp/1 T_0.18, 6;
    %dup/vec4;
    %pushi/vec4 19, 0, 5;
    %cmp/u;
    %jmp/1 T_0.19, 6;
    %dup/vec4;
    %pushi/vec4 20, 0, 5;
    %cmp/u;
    %jmp/1 T_0.20, 6;
    %dup/vec4;
    %pushi/vec4 21, 0, 5;
    %cmp/u;
    %jmp/1 T_0.21, 6;
    %dup/vec4;
    %pushi/vec4 22, 0, 5;
    %cmp/u;
    %jmp/1 T_0.22, 6;
    %dup/vec4;
    %pushi/vec4 23, 0, 5;
    %cmp/u;
    %jmp/1 T_0.23, 6;
    %dup/vec4;
    %pushi/vec4 24, 0, 5;
    %cmp/u;
    %jmp/1 T_0.24, 6;
    %dup/vec4;
    %pushi/vec4 25, 0, 5;
    %cmp/u;
    %jmp/1 T_0.25, 6;
    %dup/vec4;
    %pushi/vec4 26, 0, 5;
    %cmp/u;
    %jmp/1 T_0.26, 6;
    %dup/vec4;
    %pushi/vec4 27, 0, 5;
    %cmp/u;
    %jmp/1 T_0.27, 6;
    %pushi/vec4 0, 0, 32;
    %ret/vec4 0, 0, 32;  Assign to atan_lut (store_vec4_to_lval)
    %jmp T_0.29;
T_0.0 ;
    %pushi/vec4 210828714, 0, 32;
    %ret/vec4 0, 0, 32;  Assign to atan_lut (store_vec4_to_lval)
    %jmp T_0.29;
T_0.1 ;
    %pushi/vec4 124459457, 0, 32;
    %ret/vec4 0, 0, 32;  Assign to atan_lut (store_vec4_to_lval)
    %jmp T_0.29;
T_0.2 ;
    %pushi/vec4 65760959, 0, 32;
    %ret/vec4 0, 0, 32;  Assign to atan_lut (store_vec4_to_lval)
    %jmp T_0.29;
T_0.3 ;
    %pushi/vec4 33381289, 0, 32;
    %ret/vec4 0, 0, 32;  Assign to atan_lut (store_vec4_to_lval)
    %jmp T_0.29;
T_0.4 ;
    %pushi/vec4 16755424, 0, 32;
    %ret/vec4 0, 0, 32;  Assign to atan_lut (store_vec4_to_lval)
    %jmp T_0.29;
T_0.5 ;
    %pushi/vec4 8385883, 0, 32;
    %ret/vec4 0, 0, 32;  Assign to atan_lut (store_vec4_to_lval)
    %jmp T_0.29;
T_0.6 ;
    %pushi/vec4 4193960, 0, 32;
    %ret/vec4 0, 0, 32;  Assign to atan_lut (store_vec4_to_lval)
    %jmp T_0.29;
T_0.7 ;
    %pushi/vec4 2097114, 0, 32;
    %ret/vec4 0, 0, 32;  Assign to atan_lut (store_vec4_to_lval)
    %jmp T_0.29;
T_0.8 ;
    %pushi/vec4 1048559, 0, 32;
    %ret/vec4 0, 0, 32;  Assign to atan_lut (store_vec4_to_lval)
    %jmp T_0.29;
T_0.9 ;
    %pushi/vec4 524287, 0, 32;
    %ret/vec4 0, 0, 32;  Assign to atan_lut (store_vec4_to_lval)
    %jmp T_0.29;
T_0.10 ;
    %pushi/vec4 262143, 0, 32;
    %ret/vec4 0, 0, 32;  Assign to atan_lut (store_vec4_to_lval)
    %jmp T_0.29;
T_0.11 ;
    %pushi/vec4 131071, 0, 32;
    %ret/vec4 0, 0, 32;  Assign to atan_lut (store_vec4_to_lval)
    %jmp T_0.29;
T_0.12 ;
    %pushi/vec4 65535, 0, 32;
    %ret/vec4 0, 0, 32;  Assign to atan_lut (store_vec4_to_lval)
    %jmp T_0.29;
T_0.13 ;
    %pushi/vec4 32767, 0, 32;
    %ret/vec4 0, 0, 32;  Assign to atan_lut (store_vec4_to_lval)
    %jmp T_0.29;
T_0.14 ;
    %pushi/vec4 16383, 0, 32;
    %ret/vec4 0, 0, 32;  Assign to atan_lut (store_vec4_to_lval)
    %jmp T_0.29;
T_0.15 ;
    %pushi/vec4 8191, 0, 32;
    %ret/vec4 0, 0, 32;  Assign to atan_lut (store_vec4_to_lval)
    %jmp T_0.29;
T_0.16 ;
    %pushi/vec4 4095, 0, 32;
    %ret/vec4 0, 0, 32;  Assign to atan_lut (store_vec4_to_lval)
    %jmp T_0.29;
T_0.17 ;
    %pushi/vec4 2047, 0, 32;
    %ret/vec4 0, 0, 32;  Assign to atan_lut (store_vec4_to_lval)
    %jmp T_0.29;
T_0.18 ;
    %pushi/vec4 1023, 0, 32;
    %ret/vec4 0, 0, 32;  Assign to atan_lut (store_vec4_to_lval)
    %jmp T_0.29;
T_0.19 ;
    %pushi/vec4 511, 0, 32;
    %ret/vec4 0, 0, 32;  Assign to atan_lut (store_vec4_to_lval)
    %jmp T_0.29;
T_0.20 ;
    %pushi/vec4 255, 0, 32;
    %ret/vec4 0, 0, 32;  Assign to atan_lut (store_vec4_to_lval)
    %jmp T_0.29;
T_0.21 ;
    %pushi/vec4 127, 0, 32;
    %ret/vec4 0, 0, 32;  Assign to atan_lut (store_vec4_to_lval)
    %jmp T_0.29;
T_0.22 ;
    %pushi/vec4 63, 0, 32;
    %ret/vec4 0, 0, 32;  Assign to atan_lut (store_vec4_to_lval)
    %jmp T_0.29;
T_0.23 ;
    %pushi/vec4 31, 0, 32;
    %ret/vec4 0, 0, 32;  Assign to atan_lut (store_vec4_to_lval)
    %jmp T_0.29;
T_0.24 ;
    %pushi/vec4 15, 0, 32;
    %ret/vec4 0, 0, 32;  Assign to atan_lut (store_vec4_to_lval)
    %jmp T_0.29;
T_0.25 ;
    %pushi/vec4 7, 0, 32;
    %ret/vec4 0, 0, 32;  Assign to atan_lut (store_vec4_to_lval)
    %jmp T_0.29;
T_0.26 ;
    %pushi/vec4 3, 0, 32;
    %ret/vec4 0, 0, 32;  Assign to atan_lut (store_vec4_to_lval)
    %jmp T_0.29;
T_0.27 ;
    %pushi/vec4 1, 0, 32;
    %ret/vec4 0, 0, 32;  Assign to atan_lut (store_vec4_to_lval)
    %jmp T_0.29;
T_0.29 ;
    %pop/vec4 1;
    %end;
    .scope S_000001d62a374df0;
T_1 ;
    %wait E_000001d62a371770;
    %load/vec4 v000001d62a3e5540_0;
    %nor/r;
    %flag_set/vec4 8;
    %jmp/0xz  T_1.0, 8;
    %pushi/vec4 0, 0, 2;
    %assign/vec4 v000001d62a3e4e60_0, 0;
    %pushi/vec4 0, 0, 1;
    %assign/vec4 v000001d62a3e4690_0, 0;
    %pushi/vec4 0, 0, 1;
    %assign/vec4 v000001d62a3e4fa0_0, 0;
    %pushi/vec4 0, 0, 32;
    %assign/vec4 v000001d62a3e4820_0, 0;
    %pushi/vec4 0, 0, 32;
    %assign/vec4 v000001d62a3e4b40_0, 0;
    %pushi/vec4 0, 0, 32;
    %assign/vec4 v000001d62a3e4960_0, 0;
    %pushi/vec4 0, 0, 6;
    %assign/vec4 v000001d62a3e50e0_0, 0;
    %pushi/vec4 0, 0, 32;
    %assign/vec4 v000001d62a3e4be0_0, 0;
    %pushi/vec4 0, 0, 32;
    %assign/vec4 v000001d62a3e5180_0, 0;
    %pushi/vec4 0, 0, 2;
    %assign/vec4 v000001d62a3e52c0_0, 0;
    %jmp T_1.1;
T_1.0 ;
    %load/vec4 v000001d62a3e5680_0;
    %assign/vec4 v000001d62a3e4e60_0, 0;
    %load/vec4 v000001d62a3e5720_0;
    %assign/vec4 v000001d62a3e4820_0, 0;
    %load/vec4 v000001d62a3e48c0_0;
    %assign/vec4 v000001d62a3e4b40_0, 0;
    %load/vec4 v000001d62a3e4c80_0;
    %assign/vec4 v000001d62a3e4960_0, 0;
    %load/vec4 v000001d62a3e54a0_0;
    %assign/vec4 v000001d62a3e50e0_0, 0;
    %load/vec4 v000001d62a3e5360_0;
    %assign/vec4 v000001d62a3e52c0_0, 0;
    %load/vec4 v000001d62a3e5680_0;
    %cmpi/ne 0, 0, 2;
    %flag_get/vec4 4;
    %jmp/0 T_1.2, 4;
    %load/vec4 v000001d62a3e5680_0;
    %pushi/vec4 3, 0, 2;
    %cmp/ne;
    %flag_get/vec4 4;
    %and;
T_1.2;
    %assign/vec4 v000001d62a3e4690_0, 0;
    %load/vec4 v000001d62a3e5680_0;
    %pushi/vec4 3, 0, 2;
    %cmp/e;
    %flag_get/vec4 4;
    %assign/vec4 v000001d62a3e4fa0_0, 0;
    %load/vec4 v000001d62a3e5680_0;
    %cmpi/e 3, 0, 2;
    %jmp/0xz  T_1.3, 4;
    %load/vec4 v000001d62a3e5040_0;
    %cmpi/s 0, 0, 32;
    %flag_mov 8, 5;
    %jmp/0 T_1.5, 8;
    %load/vec4 v000001d62a3e5040_0;
    %inv;
    %pushi/vec4 1, 0, 32;
    %add;
    %jmp/1 T_1.6, 8;
T_1.5 ; End of true expr.
    %load/vec4 v000001d62a3e5040_0;
    %jmp/0 T_1.6, 8;
 ; End of false expr.
    %blend;
T_1.6;
    %assign/vec4 v000001d62a3e4be0_0, 0;
    %load/vec4 v000001d62a3e52c0_0;
    %dup/vec4;
    %pushi/vec4 3, 0, 2;
    %cmp/u;
    %jmp/1 T_1.7, 6;
    %dup/vec4;
    %pushi/vec4 0, 0, 2;
    %cmp/u;
    %jmp/1 T_1.8, 6;
    %load/vec4 v000001d62a3e4c80_0;
    %addi 843314856, 0, 32;
    %store/vec4 v000001d62a3e5400_0, 0, 32;
    %jmp T_1.10;
T_1.7 ;
    %load/vec4 v000001d62a3e4c80_0;
    %subi 843314856, 0, 32;
    %store/vec4 v000001d62a3e5400_0, 0, 32;
    %jmp T_1.10;
T_1.8 ;
    %load/vec4 v000001d62a3e4c80_0;
    %store/vec4 v000001d62a3e5400_0, 0, 32;
    %jmp T_1.10;
T_1.10 ;
    %pop/vec4 1;
    %load/vec4 v000001d62a3e5400_0;
    %cmpi/s 843314856, 0, 32;
    %flag_or 5, 4; GT is !LE
    %flag_inv 5;
    %jmp/0xz  T_1.11, 5;
    %load/vec4 v000001d62a3e5400_0;
    %subi 1686629713, 0, 32;
    %store/vec4 v000001d62a3e5400_0, 0, 32;
    %jmp T_1.12;
T_1.11 ;
    %load/vec4 v000001d62a3e5400_0;
    %cmpi/s 3451652440, 0, 32;
    %jmp/0xz  T_1.13, 5;
    %load/vec4 v000001d62a3e5400_0;
    %addi 1686629713, 0, 32;
    %store/vec4 v000001d62a3e5400_0, 0, 32;
T_1.13 ;
T_1.12 ;
    %load/vec4 v000001d62a3e5400_0;
    %assign/vec4 v000001d62a3e5180_0, 0;
T_1.3 ;
T_1.1 ;
    %jmp T_1;
    .thread T_1;
    .scope S_000001d62a374df0;
T_2 ;
    %wait E_000001d62a3717f0;
    %load/vec4 v000001d62a3e4e60_0;
    %store/vec4 v000001d62a3e5680_0, 0, 2;
    %load/vec4 v000001d62a3e4820_0;
    %store/vec4 v000001d62a3e5720_0, 0, 32;
    %load/vec4 v000001d62a3e4b40_0;
    %store/vec4 v000001d62a3e48c0_0, 0, 32;
    %load/vec4 v000001d62a3e4960_0;
    %store/vec4 v000001d62a3e4c80_0, 0, 32;
    %load/vec4 v000001d62a3e50e0_0;
    %store/vec4 v000001d62a3e54a0_0, 0, 6;
    %load/vec4 v000001d62a3e52c0_0;
    %store/vec4 v000001d62a3e5360_0, 0, 2;
    %load/vec4 v000001d62a3e4e60_0;
    %dup/vec4;
    %pushi/vec4 0, 0, 2;
    %cmp/u;
    %jmp/1 T_2.0, 6;
    %dup/vec4;
    %pushi/vec4 1, 0, 2;
    %cmp/u;
    %jmp/1 T_2.1, 6;
    %dup/vec4;
    %pushi/vec4 2, 0, 2;
    %cmp/u;
    %jmp/1 T_2.2, 6;
    %dup/vec4;
    %pushi/vec4 3, 0, 2;
    %cmp/u;
    %jmp/1 T_2.3, 6;
    %pushi/vec4 0, 0, 2;
    %store/vec4 v000001d62a3e5680_0, 0, 2;
    %jmp T_2.5;
T_2.0 ;
    %load/vec4 v000001d62a3e55e0_0;
    %flag_set/vec4 8;
    %jmp/0xz  T_2.6, 8;
    %load/vec4 v000001d62a3e4aa0_0;
    %parti/s 1, 15, 5;
    %replicate 16;
    %load/vec4 v000001d62a3e4aa0_0;
    %concat/vec4; draw_concat_vec4
    %store/vec4 v000001d62a3e5720_0, 0, 32;
    %load/vec4 v000001d62a3e4f00_0;
    %parti/s 1, 15, 5;
    %replicate 16;
    %load/vec4 v000001d62a3e4f00_0;
    %concat/vec4; draw_concat_vec4
    %store/vec4 v000001d62a3e48c0_0, 0, 32;
    %load/vec4 v000001d62a3e5720_0;
    %cmpi/s 0, 0, 32;
    %jmp/0xz  T_2.8, 5;
    %load/vec4 v000001d62a3e5720_0;
    %inv;
    %pushi/vec4 1, 0, 32;
    %add;
    %store/vec4 v000001d62a3e5720_0, 0, 32;
    %load/vec4 v000001d62a3e48c0_0;
    %inv;
    %pushi/vec4 1, 0, 32;
    %add;
    %store/vec4 v000001d62a3e48c0_0, 0, 32;
    %load/vec4 v000001d62a3e48c0_0;
    %cmpi/s 0, 0, 32;
    %flag_inv 5; GE is !LT
    %flag_mov 8, 5;
    %jmp/0 T_2.10, 8;
    %pushi/vec4 1, 0, 2;
    %jmp/1 T_2.11, 8;
T_2.10 ; End of true expr.
    %pushi/vec4 3, 0, 2;
    %jmp/0 T_2.11, 8;
 ; End of false expr.
    %blend;
T_2.11;
    %store/vec4 v000001d62a3e5360_0, 0, 2;
    %jmp T_2.9;
T_2.8 ;
    %pushi/vec4 0, 0, 2;
    %store/vec4 v000001d62a3e5360_0, 0, 2;
T_2.9 ;
    %pushi/vec4 0, 0, 32;
    %store/vec4 v000001d62a3e4c80_0, 0, 32;
    %pushi/vec4 0, 0, 6;
    %store/vec4 v000001d62a3e54a0_0, 0, 6;
    %pushi/vec4 1, 0, 2;
    %store/vec4 v000001d62a3e5680_0, 0, 2;
T_2.6 ;
    %jmp T_2.5;
T_2.1 ;
    %load/vec4 v000001d62a3e50e0_0;
    %pad/u 32;
    %cmpi/u 32, 0, 32;
    %jmp/0xz  T_2.12, 5;
    %load/vec4 v000001d62a3e4b40_0;
    %cmpi/s 0, 0, 32;
    %flag_inv 5; GE is !LT
    %jmp/0xz  T_2.14, 5;
    %load/vec4 v000001d62a3e4820_0;
    %load/vec4 v000001d62a3e4b40_0;
    %ix/getv 4, v000001d62a3e50e0_0;
    %shiftr/s 4;
    %add;
    %store/vec4 v000001d62a3e5720_0, 0, 32;
    %load/vec4 v000001d62a3e4b40_0;
    %load/vec4 v000001d62a3e4820_0;
    %ix/getv 4, v000001d62a3e50e0_0;
    %shiftr/s 4;
    %sub;
    %store/vec4 v000001d62a3e48c0_0, 0, 32;
    %load/vec4 v000001d62a3e4960_0;
    %load/vec4 v000001d62a3e50e0_0;
    %parti/s 5, 0, 2;
    %store/vec4 v000001d62a3436a0_0, 0, 5;
    %callf/vec4 TD_cordic_magphase.atan_lut, S_000001d62a392f60;
    %add;
    %store/vec4 v000001d62a3e4c80_0, 0, 32;
    %jmp T_2.15;
T_2.14 ;
    %load/vec4 v000001d62a3e4820_0;
    %load/vec4 v000001d62a3e4b40_0;
    %ix/getv 4, v000001d62a3e50e0_0;
    %shiftr/s 4;
    %sub;
    %store/vec4 v000001d62a3e5720_0, 0, 32;
    %load/vec4 v000001d62a3e4b40_0;
    %load/vec4 v000001d62a3e4820_0;
    %ix/getv 4, v000001d62a3e50e0_0;
    %shiftr/s 4;
    %add;
    %store/vec4 v000001d62a3e48c0_0, 0, 32;
    %load/vec4 v000001d62a3e4960_0;
    %load/vec4 v000001d62a3e50e0_0;
    %parti/s 5, 0, 2;
    %store/vec4 v000001d62a3436a0_0, 0, 5;
    %callf/vec4 TD_cordic_magphase.atan_lut, S_000001d62a392f60;
    %sub;
    %store/vec4 v000001d62a3e4c80_0, 0, 32;
T_2.15 ;
    %load/vec4 v000001d62a3e50e0_0;
    %addi 1, 0, 6;
    %store/vec4 v000001d62a3e54a0_0, 0, 6;
    %load/vec4 v000001d62a3e50e0_0;
    %pad/u 32;
    %cmpi/e 31, 0, 32;
    %jmp/0xz  T_2.16, 4;
    %pushi/vec4 2, 0, 2;
    %store/vec4 v000001d62a3e5680_0, 0, 2;
T_2.16 ;
    %jmp T_2.13;
T_2.12 ;
    %pushi/vec4 2, 0, 2;
    %store/vec4 v000001d62a3e5680_0, 0, 2;
T_2.13 ;
    %jmp T_2.5;
T_2.2 ;
    %pushi/vec4 3, 0, 2;
    %store/vec4 v000001d62a3e5680_0, 0, 2;
    %jmp T_2.5;
T_2.3 ;
    %pushi/vec4 0, 0, 2;
    %store/vec4 v000001d62a3e5680_0, 0, 2;
    %jmp T_2.5;
T_2.5 ;
    %pop/vec4 1;
    %jmp T_2;
    .thread T_2, $push;
# The file index is used to find the file name in the following table.
:file_names 3;
    "N/A";
    "<interactive>";
    "cordic_magphase.v";
