#! /c/Source/iverilog-install/bin/vvp
:ivl_version "12.0 (devel)" "(s20150603-1539-g2693dd32b)";
:ivl_delay_selection "TYPICAL";
:vpi_time_precision - 12;
:vpi_module "C:\iverilog\lib\ivl\system.vpi";
:vpi_module "C:\iverilog\lib\ivl\vhdl_sys.vpi";
:vpi_module "C:\iverilog\lib\ivl\vhdl_textio.vpi";
:vpi_module "C:\iverilog\lib\ivl\v2005_math.vpi";
:vpi_module "C:\iverilog\lib\ivl\va_math.vpi";
S_00000153c1813fd0 .scope module, "tb_cordic_magphase" "tb_cordic_magphase" 2 5;
 .timescale -9 -12;
P_00000153c1814160 .param/l "INPUT_WIDTH" 1 2 6, +C4<00000000000000000000000000010000>;
P_00000153c1814198 .param/l "INT_WIDTH" 1 2 7, +C4<00000000000000000000000000100000>;
P_00000153c18141d0 .param/l "ITERATIONS" 1 2 8, +C4<00000000000000000000000000010000>;
v00000153c18695e0_0 .net "busy", 0 0, v00000153c1867a70_0;  1 drivers
v00000153c1869720_0 .var "clk", 0 0;
v00000153c18697c0_0 .net "done", 0 0, v00000153c1868470_0;  1 drivers
v00000153c186a620_0 .net/s "magnitude", 31 0, v00000153c1867bb0_0;  1 drivers
v00000153c1869d60_0 .var/real "magnitude_real", 0 0;
v00000153c186ab20_0 .net/s "phase", 31 0, v00000153c1867cf0_0;  1 drivers
v00000153c1868dc0_0 .var/real "phase_deg", 0 0;
v00000153c1869220_0 .var "rst_n", 0 0;
v00000153c186a4e0_0 .var "start", 0 0;
v00000153c1869860_0 .var/s "x_in", 15 0;
v00000153c1869f40_0 .var/s "y_in", 15 0;
S_00000153c17e4cd0 .scope task, "apply_vector" "apply_vector" 2 52, 2 52 0, S_00000153c1813fd0;
 .timescale -9 -12;
v00000153c17b33a0_0 .var/s "x", 15 0;
v00000153c17b3560_0 .var/s "y", 15 0;
E_00000153c17e20d0 .event negedge, v00000153c1867b10_0;
E_00000153c17e1810 .event anyedge, v00000153c1868470_0;
TD_tb_cordic_magphase.apply_vector ;
    %wait E_00000153c17e20d0;
    %load/vec4 v00000153c17b33a0_0;
    %assign/vec4 v00000153c1869860_0, 0;
    %load/vec4 v00000153c17b3560_0;
    %assign/vec4 v00000153c1869f40_0, 0;
    %pushi/vec4 1, 0, 1;
    %assign/vec4 v00000153c186a4e0_0, 0;
    %wait E_00000153c17e20d0;
    %pushi/vec4 0, 0, 1;
    %assign/vec4 v00000153c186a4e0_0, 0;
T_0.0 ;
    %load/vec4 v00000153c18697c0_0;
    %cmpi/ne 1, 0, 1;
    %jmp/0xz T_0.1, 6;
    %wait E_00000153c17e1810;
    %jmp T_0.0;
T_0.1 ;
    %fork TD_tb_cordic_magphase.show_result, S_00000153c186ace0;
    %join;
    %wait E_00000153c17e20d0;
    %end;
S_00000153c17e4e60 .scope module, "dut" "cordic_magphase" 2 24, 3 5 0, S_00000153c1813fd0;
 .timescale -9 -12;
    .port_info 0 /INPUT 1 "clk";
    .port_info 1 /INPUT 1 "rst_n";
    .port_info 2 /INPUT 1 "start";
    .port_info 3 /INPUT 16 "x_in";
    .port_info 4 /INPUT 16 "y_in";
    .port_info 5 /OUTPUT 1 "busy";
    .port_info 6 /OUTPUT 1 "done";
    .port_info 7 /OUTPUT 32 "magnitude";
    .port_info 8 /OUTPUT 32 "phase";
P_00000153c17b2d40 .param/l "DONE_STATE" 1 3 26, C4<11>;
P_00000153c17b2d78 .param/l "GAIN_FRAC_BITS" 0 3 9, +C4<00000000000000000000000000011100>;
P_00000153c17b2db0 .param/l "IDLE" 1 3 23, C4<00>;
P_00000153c17b2de8 .param/l "INPUT_WIDTH" 0 3 6, +C4<00000000000000000000000000010000>;
P_00000153c17b2e20 .param/l "INT_WIDTH" 0 3 7, +C4<00000000000000000000000000100000>;
P_00000153c17b2e58 .param/l "ITERATE" 1 3 24, C4<01>;
P_00000153c17b2e90 .param/l "ITERATIONS" 0 3 8, +C4<00000000000000000000000000010000>;
P_00000153c17b2ec8 .param/l "K_INV" 1 3 45, +C4<00001001101100010001010001000000>;
P_00000153c17b2f00 .param/l "K_INV32" 1 3 42, C4<00001001101100010001010001000000>;
P_00000153c17b2f38 .param/l "PI_CONST" 1 3 43, +C4<00110010010000111111011010101000>;
P_00000153c17b2f70 .param/l "PI_CONST32" 1 3 39, C4<00110010010000111111011010101000>;
P_00000153c17b2fa8 .param/l "POST_PROCESS" 1 3 25, C4<10>;
P_00000153c17b2fe0 .param/l "TWOPI_CONST" 1 3 44, +C4<01100100100001111110110101010001>;
P_00000153c17b3018 .param/l "TWOPI_CONST32" 1 3 40, C4<01100100100001111110110101010001>;
v00000153c1867700_0 .net/s *"_ivl_0", 47 0, L_00000153c186a260;  1 drivers
L_00000153c18a0088 .functor BUFT 1, C4<000000000000000000001001101100010001010001000000>, C4<0>, C4<0>, C4<0>;
v00000153c1868150_0 .net/2s *"_ivl_2", 47 0, L_00000153c18a0088;  1 drivers
v00000153c18681f0_0 .net *"_ivl_6", 47 0, L_00000153c186abc0;  1 drivers
v00000153c1867890_0 .net *"_ivl_8", 19 0, L_00000153c186a300;  1 drivers
v00000153c1867a70_0 .var "busy", 0 0;
v00000153c1867b10_0 .net "clk", 0 0, v00000153c1869720_0;  1 drivers
v00000153c1868470_0 .var "done", 0 0;
v00000153c18679d0_0 .var "iter_cnt", 5 0;
v00000153c1867c50_0 .var "iter_cnt_next", 5 0;
v00000153c1868290_0 .net/s "mag_corr", 31 0, L_00000153c1869900;  1 drivers
v00000153c1868330_0 .net/s "mag_prod", 47 0, L_00000153c1868fa0;  1 drivers
v00000153c1867bb0_0 .var/s "magnitude", 31 0;
v00000153c1867cf0_0 .var/s "phase", 31 0;
v00000153c18683d0_0 .var/s "phase_tmp", 31 0;
v00000153c1867f70_0 .var/s "pi_correction", 1 0;
v00000153c1868510_0 .var/s "pi_correction_next", 1 0;
v00000153c18677f0_0 .net "rst_n", 0 0, v00000153c1869220_0;  1 drivers
v00000153c1867e30_0 .net "start", 0 0, v00000153c186a4e0_0;  1 drivers
v00000153c1867ed0_0 .var "state", 1 0;
v00000153c1867d90_0 .var "state_next", 1 0;
v00000153c18685b0_0 .net/s "x_in", 15 0, v00000153c1869860_0;  1 drivers
v00000153c1868650_0 .var/s "x_next", 31 0;
v00000153c1868010_0 .var/s "x_reg", 31 0;
v00000153c18680b0_0 .net/s "y_in", 15 0, v00000153c1869f40_0;  1 drivers
v00000153c18686f0_0 .var/s "y_next", 31 0;
v00000153c1867930_0 .var/s "y_reg", 31 0;
v00000153c1869ea0_0 .var/s "z_next", 31 0;
v00000153c186a580_0 .var/s "z_reg", 31 0;
E_00000153c17e1990/0 .event anyedge, v00000153c1867ed0_0, v00000153c1868010_0, v00000153c1867930_0, v00000153c186a580_0;
E_00000153c17e1990/1 .event anyedge, v00000153c18679d0_0, v00000153c1867f70_0, v00000153c1867e30_0, v00000153c18685b0_0;
E_00000153c17e1990/2 .event anyedge, v00000153c18680b0_0, v00000153c1868650_0, v00000153c18686f0_0;
E_00000153c17e1990 .event/or E_00000153c17e1990/0, E_00000153c17e1990/1, E_00000153c17e1990/2;
E_00000153c17e0250/0 .event negedge, v00000153c18677f0_0;
E_00000153c17e0250/1 .event posedge, v00000153c1867b10_0;
E_00000153c17e0250 .event/or E_00000153c17e0250/0, E_00000153c17e0250/1;
L_00000153c186a260 .extend/s 48, v00000153c1868010_0;
L_00000153c1868fa0 .arith/mult 48, L_00000153c186a260, L_00000153c18a0088;
L_00000153c186a300 .part L_00000153c1868fa0, 28, 20;
L_00000153c186abc0 .extend/s 48, L_00000153c186a300;
L_00000153c1869900 .part L_00000153c186abc0, 0, 32;
S_00000153c17b3060 .scope function.vec4.u32, "atan_lut" "atan_lut" 3 48, 3 48 0, S_00000153c17e4e60;
 .timescale -9 -12;
; Variable atan_lut is vec4 return value of scope S_00000153c17b3060
v00000153c1867660_0 .var "idx", 4 0;
TD_tb_cordic_magphase.dut.atan_lut ;
    %load/vec4 v00000153c1867660_0;
    %dup/vec4;
    %pushi/vec4 0, 0, 5;
    %cmp/u;
    %jmp/1 T_1.2, 6;
    %dup/vec4;
    %pushi/vec4 1, 0, 5;
    %cmp/u;
    %jmp/1 T_1.3, 6;
    %dup/vec4;
    %pushi/vec4 2, 0, 5;
    %cmp/u;
    %jmp/1 T_1.4, 6;
    %dup/vec4;
    %pushi/vec4 3, 0, 5;
    %cmp/u;
    %jmp/1 T_1.5, 6;
    %dup/vec4;
    %pushi/vec4 4, 0, 5;
    %cmp/u;
    %jmp/1 T_1.6, 6;
    %dup/vec4;
    %pushi/vec4 5, 0, 5;
    %cmp/u;
    %jmp/1 T_1.7, 6;
    %dup/vec4;
    %pushi/vec4 6, 0, 5;
    %cmp/u;
    %jmp/1 T_1.8, 6;
    %dup/vec4;
    %pushi/vec4 7, 0, 5;
    %cmp/u;
    %jmp/1 T_1.9, 6;
    %dup/vec4;
    %pushi/vec4 8, 0, 5;
    %cmp/u;
    %jmp/1 T_1.10, 6;
    %dup/vec4;
    %pushi/vec4 9, 0, 5;
    %cmp/u;
    %jmp/1 T_1.11, 6;
    %dup/vec4;
    %pushi/vec4 10, 0, 5;
    %cmp/u;
    %jmp/1 T_1.12, 6;
    %dup/vec4;
    %pushi/vec4 11, 0, 5;
    %cmp/u;
    %jmp/1 T_1.13, 6;
    %dup/vec4;
    %pushi/vec4 12, 0, 5;
    %cmp/u;
    %jmp/1 T_1.14, 6;
    %dup/vec4;
    %pushi/vec4 13, 0, 5;
    %cmp/u;
    %jmp/1 T_1.15, 6;
    %dup/vec4;
    %pushi/vec4 14, 0, 5;
    %cmp/u;
    %jmp/1 T_1.16, 6;
    %dup/vec4;
    %pushi/vec4 15, 0, 5;
    %cmp/u;
    %jmp/1 T_1.17, 6;
    %dup/vec4;
    %pushi/vec4 16, 0, 5;
    %cmp/u;
    %jmp/1 T_1.18, 6;
    %dup/vec4;
    %pushi/vec4 17, 0, 5;
    %cmp/u;
    %jmp/1 T_1.19, 6;
    %dup/vec4;
    %pushi/vec4 18, 0, 5;
    %cmp/u;
    %jmp/1 T_1.20, 6;
    %dup/vec4;
    %pushi/vec4 19, 0, 5;
    %cmp/u;
    %jmp/1 T_1.21, 6;
    %dup/vec4;
    %pushi/vec4 20, 0, 5;
    %cmp/u;
    %jmp/1 T_1.22, 6;
    %dup/vec4;
    %pushi/vec4 21, 0, 5;
    %cmp/u;
    %jmp/1 T_1.23, 6;
    %dup/vec4;
    %pushi/vec4 22, 0, 5;
    %cmp/u;
    %jmp/1 T_1.24, 6;
    %dup/vec4;
    %pushi/vec4 23, 0, 5;
    %cmp/u;
    %jmp/1 T_1.25, 6;
    %dup/vec4;
    %pushi/vec4 24, 0, 5;
    %cmp/u;
    %jmp/1 T_1.26, 6;
    %dup/vec4;
    %pushi/vec4 25, 0, 5;
    %cmp/u;
    %jmp/1 T_1.27, 6;
    %dup/vec4;
    %pushi/vec4 26, 0, 5;
    %cmp/u;
    %jmp/1 T_1.28, 6;
    %dup/vec4;
    %pushi/vec4 27, 0, 5;
    %cmp/u;
    %jmp/1 T_1.29, 6;
    %pushi/vec4 0, 0, 32;
    %ret/vec4 0, 0, 32;  Assign to atan_lut (store_vec4_to_lval)
    %jmp T_1.31;
T_1.2 ;
    %pushi/vec4 210828714, 0, 32;
    %ret/vec4 0, 0, 32;  Assign to atan_lut (store_vec4_to_lval)
    %jmp T_1.31;
T_1.3 ;
    %pushi/vec4 124459457, 0, 32;
    %ret/vec4 0, 0, 32;  Assign to atan_lut (store_vec4_to_lval)
    %jmp T_1.31;
T_1.4 ;
    %pushi/vec4 65760959, 0, 32;
    %ret/vec4 0, 0, 32;  Assign to atan_lut (store_vec4_to_lval)
    %jmp T_1.31;
T_1.5 ;
    %pushi/vec4 33381289, 0, 32;
    %ret/vec4 0, 0, 32;  Assign to atan_lut (store_vec4_to_lval)
    %jmp T_1.31;
T_1.6 ;
    %pushi/vec4 16755424, 0, 32;
    %ret/vec4 0, 0, 32;  Assign to atan_lut (store_vec4_to_lval)
    %jmp T_1.31;
T_1.7 ;
    %pushi/vec4 8385883, 0, 32;
    %ret/vec4 0, 0, 32;  Assign to atan_lut (store_vec4_to_lval)
    %jmp T_1.31;
T_1.8 ;
    %pushi/vec4 4193960, 0, 32;
    %ret/vec4 0, 0, 32;  Assign to atan_lut (store_vec4_to_lval)
    %jmp T_1.31;
T_1.9 ;
    %pushi/vec4 2097114, 0, 32;
    %ret/vec4 0, 0, 32;  Assign to atan_lut (store_vec4_to_lval)
    %jmp T_1.31;
T_1.10 ;
    %pushi/vec4 1048559, 0, 32;
    %ret/vec4 0, 0, 32;  Assign to atan_lut (store_vec4_to_lval)
    %jmp T_1.31;
T_1.11 ;
    %pushi/vec4 524287, 0, 32;
    %ret/vec4 0, 0, 32;  Assign to atan_lut (store_vec4_to_lval)
    %jmp T_1.31;
T_1.12 ;
    %pushi/vec4 262143, 0, 32;
    %ret/vec4 0, 0, 32;  Assign to atan_lut (store_vec4_to_lval)
    %jmp T_1.31;
T_1.13 ;
    %pushi/vec4 131071, 0, 32;
    %ret/vec4 0, 0, 32;  Assign to atan_lut (store_vec4_to_lval)
    %jmp T_1.31;
T_1.14 ;
    %pushi/vec4 65535, 0, 32;
    %ret/vec4 0, 0, 32;  Assign to atan_lut (store_vec4_to_lval)
    %jmp T_1.31;
T_1.15 ;
    %pushi/vec4 32767, 0, 32;
    %ret/vec4 0, 0, 32;  Assign to atan_lut (store_vec4_to_lval)
    %jmp T_1.31;
T_1.16 ;
    %pushi/vec4 16383, 0, 32;
    %ret/vec4 0, 0, 32;  Assign to atan_lut (store_vec4_to_lval)
    %jmp T_1.31;
T_1.17 ;
    %pushi/vec4 8191, 0, 32;
    %ret/vec4 0, 0, 32;  Assign to atan_lut (store_vec4_to_lval)
    %jmp T_1.31;
T_1.18 ;
    %pushi/vec4 4095, 0, 32;
    %ret/vec4 0, 0, 32;  Assign to atan_lut (store_vec4_to_lval)
    %jmp T_1.31;
T_1.19 ;
    %pushi/vec4 2047, 0, 32;
    %ret/vec4 0, 0, 32;  Assign to atan_lut (store_vec4_to_lval)
    %jmp T_1.31;
T_1.20 ;
    %pushi/vec4 1023, 0, 32;
    %ret/vec4 0, 0, 32;  Assign to atan_lut (store_vec4_to_lval)
    %jmp T_1.31;
T_1.21 ;
    %pushi/vec4 511, 0, 32;
    %ret/vec4 0, 0, 32;  Assign to atan_lut (store_vec4_to_lval)
    %jmp T_1.31;
T_1.22 ;
    %pushi/vec4 255, 0, 32;
    %ret/vec4 0, 0, 32;  Assign to atan_lut (store_vec4_to_lval)
    %jmp T_1.31;
T_1.23 ;
    %pushi/vec4 127, 0, 32;
    %ret/vec4 0, 0, 32;  Assign to atan_lut (store_vec4_to_lval)
    %jmp T_1.31;
T_1.24 ;
    %pushi/vec4 63, 0, 32;
    %ret/vec4 0, 0, 32;  Assign to atan_lut (store_vec4_to_lval)
    %jmp T_1.31;
T_1.25 ;
    %pushi/vec4 31, 0, 32;
    %ret/vec4 0, 0, 32;  Assign to atan_lut (store_vec4_to_lval)
    %jmp T_1.31;
T_1.26 ;
    %pushi/vec4 15, 0, 32;
    %ret/vec4 0, 0, 32;  Assign to atan_lut (store_vec4_to_lval)
    %jmp T_1.31;
T_1.27 ;
    %pushi/vec4 7, 0, 32;
    %ret/vec4 0, 0, 32;  Assign to atan_lut (store_vec4_to_lval)
    %jmp T_1.31;
T_1.28 ;
    %pushi/vec4 3, 0, 32;
    %ret/vec4 0, 0, 32;  Assign to atan_lut (store_vec4_to_lval)
    %jmp T_1.31;
T_1.29 ;
    %pushi/vec4 1, 0, 32;
    %ret/vec4 0, 0, 32;  Assign to atan_lut (store_vec4_to_lval)
    %jmp T_1.31;
T_1.31 ;
    %pop/vec4 1;
    %end;
S_00000153c186ace0 .scope task, "show_result" "show_result" 2 44, 2 44 0, S_00000153c1813fd0;
 .timescale -9 -12;
TD_tb_cordic_magphase.show_result ;
    %load/vec4 v00000153c186ab20_0;
    %cvt/rv/s;
    %pushi/real 1073741824, 4066; load=1.00000
    %mul/wr;
    %pushi/real 1509949440, 4073; load=180.000
    %mul/wr;
    %pushi/real 1686629713, 4067; load=3.14159
    %pushi/real 273688, 4045; load=3.14159
    %add/wr;
    %div/wr;
    %pushi/real 1073741824, 4094; load=2.68435e+08
    %div/wr;
    %store/real v00000153c1868dc0_0;
    %load/vec4 v00000153c186a620_0;
    %cvt/rv/s;
    %store/real v00000153c1869d60_0;
    %vpi_call 2 48 "$display", "Time %0t ns | x=%0d y=%0d | magnitude=%0d | phase_deg=%0f", $time, v00000153c1869860_0, v00000153c1869f40_0, v00000153c186a620_0, v00000153c1868dc0_0 {0 0 0};
    %end;
    .scope S_00000153c17e4e60;
T_3 ;
    %wait E_00000153c17e0250;
    %load/vec4 v00000153c18677f0_0;
    %nor/r;
    %flag_set/vec4 8;
    %jmp/0xz  T_3.0, 8;
    %pushi/vec4 0, 0, 2;
    %assign/vec4 v00000153c1867ed0_0, 0;
    %pushi/vec4 0, 0, 1;
    %assign/vec4 v00000153c1867a70_0, 0;
    %pushi/vec4 0, 0, 1;
    %assign/vec4 v00000153c1868470_0, 0;
    %pushi/vec4 0, 0, 32;
    %assign/vec4 v00000153c1868010_0, 0;
    %pushi/vec4 0, 0, 32;
    %assign/vec4 v00000153c1867930_0, 0;
    %pushi/vec4 0, 0, 32;
    %assign/vec4 v00000153c186a580_0, 0;
    %pushi/vec4 0, 0, 6;
    %assign/vec4 v00000153c18679d0_0, 0;
    %pushi/vec4 0, 0, 32;
    %assign/vec4 v00000153c1867bb0_0, 0;
    %pushi/vec4 0, 0, 32;
    %assign/vec4 v00000153c1867cf0_0, 0;
    %pushi/vec4 0, 0, 2;
    %assign/vec4 v00000153c1867f70_0, 0;
    %jmp T_3.1;
T_3.0 ;
    %load/vec4 v00000153c1867d90_0;
    %assign/vec4 v00000153c1867ed0_0, 0;
    %load/vec4 v00000153c1868650_0;
    %assign/vec4 v00000153c1868010_0, 0;
    %load/vec4 v00000153c18686f0_0;
    %assign/vec4 v00000153c1867930_0, 0;
    %load/vec4 v00000153c1869ea0_0;
    %assign/vec4 v00000153c186a580_0, 0;
    %load/vec4 v00000153c1867c50_0;
    %assign/vec4 v00000153c18679d0_0, 0;
    %load/vec4 v00000153c1868510_0;
    %assign/vec4 v00000153c1867f70_0, 0;
    %load/vec4 v00000153c1867d90_0;
    %cmpi/ne 0, 0, 2;
    %flag_get/vec4 4;
    %jmp/0 T_3.2, 4;
    %load/vec4 v00000153c1867d90_0;
    %pushi/vec4 3, 0, 2;
    %cmp/ne;
    %flag_get/vec4 4;
    %and;
T_3.2;
    %assign/vec4 v00000153c1867a70_0, 0;
    %load/vec4 v00000153c1867d90_0;
    %pushi/vec4 3, 0, 2;
    %cmp/e;
    %flag_get/vec4 4;
    %assign/vec4 v00000153c1868470_0, 0;
    %load/vec4 v00000153c1867d90_0;
    %cmpi/e 3, 0, 2;
    %jmp/0xz  T_3.3, 4;
    %load/vec4 v00000153c1868290_0;
    %cmpi/s 0, 0, 32;
    %flag_mov 8, 5;
    %jmp/0 T_3.5, 8;
    %load/vec4 v00000153c1868290_0;
    %inv;
    %pushi/vec4 1, 0, 32;
    %add;
    %jmp/1 T_3.6, 8;
T_3.5 ; End of true expr.
    %load/vec4 v00000153c1868290_0;
    %jmp/0 T_3.6, 8;
 ; End of false expr.
    %blend;
T_3.6;
    %assign/vec4 v00000153c1867bb0_0, 0;
    %load/vec4 v00000153c1867f70_0;
    %dup/vec4;
    %pushi/vec4 3, 0, 2;
    %cmp/u;
    %jmp/1 T_3.7, 6;
    %dup/vec4;
    %pushi/vec4 0, 0, 2;
    %cmp/u;
    %jmp/1 T_3.8, 6;
    %load/vec4 v00000153c1869ea0_0;
    %addi 843314856, 0, 32;
    %store/vec4 v00000153c18683d0_0, 0, 32;
    %jmp T_3.10;
T_3.7 ;
    %load/vec4 v00000153c1869ea0_0;
    %subi 843314856, 0, 32;
    %store/vec4 v00000153c18683d0_0, 0, 32;
    %jmp T_3.10;
T_3.8 ;
    %load/vec4 v00000153c1869ea0_0;
    %store/vec4 v00000153c18683d0_0, 0, 32;
    %jmp T_3.10;
T_3.10 ;
    %pop/vec4 1;
    %load/vec4 v00000153c18683d0_0;
    %cmpi/s 843314856, 0, 32;
    %flag_or 5, 4; GT is !LE
    %flag_inv 5;
    %jmp/0xz  T_3.11, 5;
    %load/vec4 v00000153c18683d0_0;
    %subi 1686629713, 0, 32;
    %store/vec4 v00000153c18683d0_0, 0, 32;
    %jmp T_3.12;
T_3.11 ;
    %load/vec4 v00000153c18683d0_0;
    %cmpi/s 3451652440, 0, 32;
    %jmp/0xz  T_3.13, 5;
    %load/vec4 v00000153c18683d0_0;
    %addi 1686629713, 0, 32;
    %store/vec4 v00000153c18683d0_0, 0, 32;
T_3.13 ;
T_3.12 ;
    %load/vec4 v00000153c18683d0_0;
    %assign/vec4 v00000153c1867cf0_0, 0;
T_3.3 ;
T_3.1 ;
    %jmp T_3;
    .thread T_3;
    .scope S_00000153c17e4e60;
T_4 ;
    %wait E_00000153c17e1990;
    %load/vec4 v00000153c1867ed0_0;
    %store/vec4 v00000153c1867d90_0, 0, 2;
    %load/vec4 v00000153c1868010_0;
    %store/vec4 v00000153c1868650_0, 0, 32;
    %load/vec4 v00000153c1867930_0;
    %store/vec4 v00000153c18686f0_0, 0, 32;
    %load/vec4 v00000153c186a580_0;
    %store/vec4 v00000153c1869ea0_0, 0, 32;
    %load/vec4 v00000153c18679d0_0;
    %store/vec4 v00000153c1867c50_0, 0, 6;
    %load/vec4 v00000153c1867f70_0;
    %store/vec4 v00000153c1868510_0, 0, 2;
    %load/vec4 v00000153c1867ed0_0;
    %dup/vec4;
    %pushi/vec4 0, 0, 2;
    %cmp/u;
    %jmp/1 T_4.0, 6;
    %dup/vec4;
    %pushi/vec4 1, 0, 2;
    %cmp/u;
    %jmp/1 T_4.1, 6;
    %dup/vec4;
    %pushi/vec4 2, 0, 2;
    %cmp/u;
    %jmp/1 T_4.2, 6;
    %dup/vec4;
    %pushi/vec4 3, 0, 2;
    %cmp/u;
    %jmp/1 T_4.3, 6;
    %pushi/vec4 0, 0, 2;
    %store/vec4 v00000153c1867d90_0, 0, 2;
    %jmp T_4.5;
T_4.0 ;
    %load/vec4 v00000153c1867e30_0;
    %flag_set/vec4 8;
    %jmp/0xz  T_4.6, 8;
    %load/vec4 v00000153c18685b0_0;
    %parti/s 1, 15, 5;
    %replicate 16;
    %load/vec4 v00000153c18685b0_0;
    %concat/vec4; draw_concat_vec4
    %store/vec4 v00000153c1868650_0, 0, 32;
    %load/vec4 v00000153c18680b0_0;
    %parti/s 1, 15, 5;
    %replicate 16;
    %load/vec4 v00000153c18680b0_0;
    %concat/vec4; draw_concat_vec4
    %store/vec4 v00000153c18686f0_0, 0, 32;
    %load/vec4 v00000153c1868650_0;
    %cmpi/s 0, 0, 32;
    %jmp/0xz  T_4.8, 5;
    %load/vec4 v00000153c1868650_0;
    %inv;
    %pushi/vec4 1, 0, 32;
    %add;
    %store/vec4 v00000153c1868650_0, 0, 32;
    %load/vec4 v00000153c18686f0_0;
    %inv;
    %pushi/vec4 1, 0, 32;
    %add;
    %store/vec4 v00000153c18686f0_0, 0, 32;
    %load/vec4 v00000153c18686f0_0;
    %cmpi/s 0, 0, 32;
    %flag_inv 5; GE is !LT
    %flag_mov 8, 5;
    %jmp/0 T_4.10, 8;
    %pushi/vec4 1, 0, 2;
    %jmp/1 T_4.11, 8;
T_4.10 ; End of true expr.
    %pushi/vec4 3, 0, 2;
    %jmp/0 T_4.11, 8;
 ; End of false expr.
    %blend;
T_4.11;
    %store/vec4 v00000153c1868510_0, 0, 2;
    %jmp T_4.9;
T_4.8 ;
    %pushi/vec4 0, 0, 2;
    %store/vec4 v00000153c1868510_0, 0, 2;
T_4.9 ;
    %pushi/vec4 0, 0, 32;
    %store/vec4 v00000153c1869ea0_0, 0, 32;
    %pushi/vec4 0, 0, 6;
    %store/vec4 v00000153c1867c50_0, 0, 6;
    %pushi/vec4 1, 0, 2;
    %store/vec4 v00000153c1867d90_0, 0, 2;
T_4.6 ;
    %jmp T_4.5;
T_4.1 ;
    %load/vec4 v00000153c18679d0_0;
    %pad/u 32;
    %cmpi/u 16, 0, 32;
    %jmp/0xz  T_4.12, 5;
    %load/vec4 v00000153c1867930_0;
    %cmpi/s 0, 0, 32;
    %flag_inv 5; GE is !LT
    %jmp/0xz  T_4.14, 5;
    %load/vec4 v00000153c1868010_0;
    %load/vec4 v00000153c1867930_0;
    %ix/getv 4, v00000153c18679d0_0;
    %shiftr/s 4;
    %add;
    %store/vec4 v00000153c1868650_0, 0, 32;
    %load/vec4 v00000153c1867930_0;
    %load/vec4 v00000153c1868010_0;
    %ix/getv 4, v00000153c18679d0_0;
    %shiftr/s 4;
    %sub;
    %store/vec4 v00000153c18686f0_0, 0, 32;
    %load/vec4 v00000153c186a580_0;
    %load/vec4 v00000153c18679d0_0;
    %parti/s 5, 0, 2;
    %store/vec4 v00000153c1867660_0, 0, 5;
    %callf/vec4 TD_tb_cordic_magphase.dut.atan_lut, S_00000153c17b3060;
    %add;
    %store/vec4 v00000153c1869ea0_0, 0, 32;
    %jmp T_4.15;
T_4.14 ;
    %load/vec4 v00000153c1868010_0;
    %load/vec4 v00000153c1867930_0;
    %ix/getv 4, v00000153c18679d0_0;
    %shiftr/s 4;
    %sub;
    %store/vec4 v00000153c1868650_0, 0, 32;
    %load/vec4 v00000153c1867930_0;
    %load/vec4 v00000153c1868010_0;
    %ix/getv 4, v00000153c18679d0_0;
    %shiftr/s 4;
    %add;
    %store/vec4 v00000153c18686f0_0, 0, 32;
    %load/vec4 v00000153c186a580_0;
    %load/vec4 v00000153c18679d0_0;
    %parti/s 5, 0, 2;
    %store/vec4 v00000153c1867660_0, 0, 5;
    %callf/vec4 TD_tb_cordic_magphase.dut.atan_lut, S_00000153c17b3060;
    %sub;
    %store/vec4 v00000153c1869ea0_0, 0, 32;
T_4.15 ;
    %load/vec4 v00000153c18679d0_0;
    %addi 1, 0, 6;
    %store/vec4 v00000153c1867c50_0, 0, 6;
    %load/vec4 v00000153c18679d0_0;
    %pad/u 32;
    %cmpi/e 15, 0, 32;
    %jmp/0xz  T_4.16, 4;
    %pushi/vec4 2, 0, 2;
    %store/vec4 v00000153c1867d90_0, 0, 2;
T_4.16 ;
    %jmp T_4.13;
T_4.12 ;
    %pushi/vec4 2, 0, 2;
    %store/vec4 v00000153c1867d90_0, 0, 2;
T_4.13 ;
    %jmp T_4.5;
T_4.2 ;
    %pushi/vec4 3, 0, 2;
    %store/vec4 v00000153c1867d90_0, 0, 2;
    %jmp T_4.5;
T_4.3 ;
    %pushi/vec4 0, 0, 2;
    %store/vec4 v00000153c1867d90_0, 0, 2;
    %jmp T_4.5;
T_4.5 ;
    %pop/vec4 1;
    %jmp T_4;
    .thread T_4, $push;
    .scope S_00000153c1813fd0;
T_5 ;
    %pushi/vec4 0, 0, 1;
    %store/vec4 v00000153c1869720_0, 0, 1;
    %end;
    .thread T_5;
    .scope S_00000153c1813fd0;
T_6 ;
    %delay 5000, 0;
    %load/vec4 v00000153c1869720_0;
    %inv;
    %store/vec4 v00000153c1869720_0, 0, 1;
    %jmp T_6;
    .thread T_6;
    .scope S_00000153c1813fd0;
T_7 ;
    %pushi/vec4 0, 0, 16;
    %store/vec4 v00000153c1869860_0, 0, 16;
    %pushi/vec4 0, 0, 16;
    %store/vec4 v00000153c1869f40_0, 0, 16;
    %pushi/vec4 0, 0, 1;
    %store/vec4 v00000153c186a4e0_0, 0, 1;
    %pushi/vec4 0, 0, 1;
    %store/vec4 v00000153c1869220_0, 0, 1;
    %pushi/vec4 3, 0, 32;
T_7.0 %dup/vec4;
    %pushi/vec4 0, 0, 32;
    %cmp/s;
    %jmp/1xz T_7.1, 5;
    %jmp/1 T_7.1, 4;
    %pushi/vec4 1, 0, 32;
    %sub;
    %wait E_00000153c17e20d0;
    %jmp T_7.0;
T_7.1 ;
    %pop/vec4 1;
    %wait E_00000153c17e20d0;
    %pushi/vec4 1, 0, 1;
    %store/vec4 v00000153c1869220_0, 0, 1;
    %pushi/vec4 1000, 0, 16;
    %store/vec4 v00000153c17b33a0_0, 0, 16;
    %pushi/vec4 1000, 0, 16;
    %store/vec4 v00000153c17b3560_0, 0, 16;
    %fork TD_tb_cordic_magphase.apply_vector, S_00000153c17e4cd0;
    %join;
    %pushi/vec4 64536, 0, 16;
    %store/vec4 v00000153c17b33a0_0, 0, 16;
    %pushi/vec4 1000, 0, 16;
    %store/vec4 v00000153c17b3560_0, 0, 16;
    %fork TD_tb_cordic_magphase.apply_vector, S_00000153c17e4cd0;
    %join;
    %pushi/vec4 64536, 0, 16;
    %store/vec4 v00000153c17b33a0_0, 0, 16;
    %pushi/vec4 64536, 0, 16;
    %store/vec4 v00000153c17b3560_0, 0, 16;
    %fork TD_tb_cordic_magphase.apply_vector, S_00000153c17e4cd0;
    %join;
    %pushi/vec4 1000, 0, 16;
    %store/vec4 v00000153c17b33a0_0, 0, 16;
    %pushi/vec4 64536, 0, 16;
    %store/vec4 v00000153c17b3560_0, 0, 16;
    %fork TD_tb_cordic_magphase.apply_vector, S_00000153c17e4cd0;
    %join;
    %vpi_call 2 84 "$display", "All tests completed" {0 0 0};
    %delay 20000, 0;
    %vpi_call 2 86 "$finish" {0 0 0};
    %end;
    .thread T_7;
# The file index is used to find the file name in the following table.
:file_names 4;
    "N/A";
    "<interactive>";
    "tb_cordic_magphase.v";
    "./cordic_magphase.v";
